<?xml version="1.0" encoding="UTF-8"?>
<testng-results ignored="0" total="0" passed="0" failed="0" skipped="0">
  <reporter-output>
  </reporter-output>
  <suite started-at="2024-07-24T04:03:32 GMT-04:00" name="Surefire suite" finished-at="2024-07-24T04:05:13 GMT-04:00" duration-ms="101044">
    <groups>
    </groups>
    <test started-at="2024-07-24T04:03:32 GMT-04:00" name="Surefire test" finished-at="2024-07-24T04:05:13 GMT-04:00" duration-ms="101044">
    </test> <!-- Surefire test -->
  </suite> <!-- Surefire suite -->
</testng-results>
